Version: nightly
Build Time: 2026.05.22
Platform: windows (amd64)
OpenGL 3.3
RAM in Use: 973 MB / OS Reserved: 1747 MB
Active Goroutines: 4
Timestamp: 2026-07-19 23:19:56

Engine error

Error: runtime error: index out of range [5] with length 5
goroutine 1 [running, locked to thread]:
github.com/yuin/gopher-lua.(*LState).PCall.func1()
	github.com/yuin/gopher-lua@v1.1.0/state.go:1988 +0x212
panic({0x7ff64d2962e0, 0xc019552888})
	runtime/panic.go:884 +0x213
main.(*PaletteList).Get(...)
	github.com/ikemen-engine/Ikemen-GO/src/image.go:447
main.(*Sprite).GetPal(...)
	github.com/ikemen-engine/Ikemen-GO/src/image.go:851
main.(*Animation).pal(0x4500000000000000?, 0x0?)
	github.com/ikemen-engine/Ikemen-GO/src/anim.go:790 +0x4f7
main.(*Animation).Draw(0xc005b4c000, 0xc02a555e58, 0xffff8000?, 0xffff?, 0xffff?, 0x0?, 0x0?, 0x3fbbbbbc, 0x0?, 0x80000000, ...)
	github.com/ikemen-engine/Ikemen-GO/src/anim.go:924 +0x72a
main.(*Anim).Draw(0xc00e9177c0?, 0x0?)
	github.com/ikemen-engine/Ikemen-GO/src/anim.go:2230 +0x1d4
main.systemScriptInit.func8.1()
	github.com/ikemen-engine/Ikemen-GO/src/script.go:1130 +0x25
main.(*System).wrapDrawWithAspectState.func1()
	github.com/ikemen-engine/Ikemen-GO/src/system.go:697 +0xe8
main.(*System).luaFlushDrawQueue(0x7ff64d18cd60)
	github.com/ikemen-engine/Ikemen-GO/src/system.go:1800 +0xd2
main.systemScriptInit.func169(0xc00016a360)
	github.com/ikemen-engine/Ikemen-GO/src/script.go:5558 +0x55
github.com/yuin/gopher-lua.callGFunction(0xc00012c9a0, 0x0)
	github.com/yuin/gopher-lua@v1.1.0/vm.go:202 +0x37
github.com/yuin/gopher-lua.init.3.func26(0xc00012c9a0, 0x90080400?, 0xc000160000?)
	github.com/yuin/gopher-lua@v1.1.0/vm.go:821 +0x379
github.com/yuin/gopher-lua.mainLoop(0xc00012c9a0, 0xc0008e1180?)
	github.com/yuin/gopher-lua@v1.1.0/vm.go:31 +0xfa
github.com/yuin/gopher-lua.(*LState).callR(0xc00012c9a0, 0x0, 0xffffffffffffffff, 0xc00013c010?)
	github.com/yuin/gopher-lua@v1.1.0/state.go:1211 +0x1b4
github.com/yuin/gopher-lua.(*LState).Call(...)
	github.com/yuin/gopher-lua@v1.1.0/state.go:1967
github.com/yuin/gopher-lua.(*LState).PCall(0xc00012c9a0, 0x0, 0xc0008e1180?, 0x0)
	github.com/yuin/gopher-lua@v1.1.0/state.go:2030 +0x145
github.com/yuin/gopher-lua.(*LState).DoFile(0xc00012c9a0, {0xc0002aa021?, 0x0?})
	github.com/yuin/gopher-lua@v1.1.0/auxlib.go:396 +0x6b
main.realMain()
	github.com/ikemen-engine/Ikemen-GO/src/main.go:201 +0x4ec
main.main()
	github.com/ikemen-engine/Ikemen-GO/src/main.go:59 +0x17

stack traceback:
	[G]: in function 'refresh'
	.\external\script\start.lua:2701: in function 'f_selectScreen'
	.\external\script\start.lua:1674: in function 'f'
	external/script/main.lua:2407: in function 'loop'
	external/script/main.lua:2504: in function 'loop'
	external/script/main.lua:3728: in main chunk
	[G]: ?

Go stack traceback:
goroutine 1 [running, locked to thread]:
runtime/debug.Stack()
	runtime/debug/stack.go:24 +0x65
main.handlePanic({0x7ff64d22c3a0?, 0xc01bdc7640})
	github.com/ikemen-engine/Ikemen-GO/src/main.go:362 +0x3e5
main.realMain.func1()
	github.com/ikemen-engine/Ikemen-GO/src/main.go:66 +0x2a
panic({0x7ff64d22c3a0, 0xc01bdc7640})
	runtime/panic.go:884 +0x213
main.realMain()
	github.com/ikemen-engine/Ikemen-GO/src/main.go:206 +0x573
main.main()
	github.com/ikemen-engine/Ikemen-GO/src/main.go:59 +0x17
