Version: nightly
Build Time: 2026.05.22
Platform: windows (amd64)
OpenGL 3.3
RAM in Use: 137 MB / OS Reserved: 361 MB
Active Goroutines: 3
Timestamp: 2026-07-03 16:59:16

Engine error

Error: .\external\mods\stageviewer\stageviewer.lua:81: attempt to index a non-table object(nil) with key 'active'
stack traceback:
	.\external\mods\stageviewer\stageviewer.lua:81: in function <.\external\mods\stageviewer\stageviewer.lua:59>
	external/script/main.lua:2520: in function 'loop'
	external/script/main.lua:2504: in function 'loop'
	external/script/main.lua:3728: in main chunk
	[G]: ?

Go stack traceback:
goroutine 1 [running, locked to thread]:
runtime/debug.Stack()
	runtime/debug/stack.go:24 +0x65
main.handlePanic({0x7ff765dac3a0?, 0xc006a464c0})
	github.com/ikemen-engine/Ikemen-GO/src/main.go:362 +0x3e5
main.realMain.func1()
	github.com/ikemen-engine/Ikemen-GO/src/main.go:66 +0x2a
panic({0x7ff765dac3a0, 0xc006a464c0})
	runtime/panic.go:884 +0x213
main.realMain()
	github.com/ikemen-engine/Ikemen-GO/src/main.go:206 +0x573
main.main()
	github.com/ikemen-engine/Ikemen-GO/src/main.go:59 +0x17
