Version: nightly
Build Time: 2026.05.22
Platform: windows (amd64)
OpenGL 3.3
RAM in Use: 7 MB / OS Reserved: 20 MB
Active Goroutines: 2
Timestamp: 2026-05-22 10:48:46

Engine error

Error: external/script/main.lua:868: 
Can't load motif : data/ikemen1/system.def:
data/ikemen1/system.def
Failed to load text from data/ikemen1/system.def: open data/ikemen1/system.def: The system cannot find the path specified.

stack traceback:
	[G]: in function 'loadMotif'
	external/script/main.lua:868: in main chunk
	[G]: ?

Go stack traceback:
goroutine 1 [running, locked to thread]:
runtime/debug.Stack()
	runtime/debug/stack.go:24 +0x65
main.handlePanic({0x7ff74b9cc3a0?, 0xc00069c740})
	github.com/ikemen-engine/Ikemen-GO/src/main.go:362 +0x3e5
main.realMain.func1()
	github.com/ikemen-engine/Ikemen-GO/src/main.go:66 +0x2a
panic({0x7ff74b9cc3a0, 0xc00069c740})
	runtime/panic.go:884 +0x213
main.realMain()
	github.com/ikemen-engine/Ikemen-GO/src/main.go:206 +0x573
main.main()
	github.com/ikemen-engine/Ikemen-GO/src/main.go:59 +0x17
