Version: nightly
Build Time: 2026.05.22
Platform: windows (amd64)
OpenGL 3.3
RAM in Use: 395 MB / OS Reserved: 498 MB
Active Goroutines: 3
Timestamp: 2026-07-05 19:29:51

Engine error

Error: .\external\script\start.lua:1654: chars/Black Goku ALL/Supernull.st:47:
Invalid data: add
stack traceback:
	[G]: in function 'game'
	.\external\script\start.lua:1654: in function 'f_game'
	.\external\script\start.lua:2232: in function 'launchFight'
	external/script/default.lua:2: in function <external/script/default.lua:0>
	.\external\script\start.lua:1710: in function 'f'
	external/script/main.lua:2407: in function 'loop'
	external/script/main.lua:2504: in function 'loop'
	external/script/main.lua:3728: in main chunk
	[G]: ?

Go stack traceback:
goroutine 1 [running, locked to thread]:
runtime/debug.Stack()
	runtime/debug/stack.go:24 +0x65
main.handlePanic({0x7ff6b03cc3a0?, 0xc00799a880})
	github.com/ikemen-engine/Ikemen-GO/src/main.go:362 +0x3e5
main.realMain.func1()
	github.com/ikemen-engine/Ikemen-GO/src/main.go:66 +0x2a
panic({0x7ff6b03cc3a0, 0xc00799a880})
	runtime/panic.go:884 +0x213
main.realMain()
	github.com/ikemen-engine/Ikemen-GO/src/main.go:206 +0x573
main.main()
	github.com/ikemen-engine/Ikemen-GO/src/main.go:59 +0x17
